<html>
<head>
<title>TestNG:  HSBC Home Page Test_chrome</title>
<link href="../testng.css" rel="stylesheet" type="text/css" />
<link href="../my-testng.css" rel="stylesheet" type="text/css" />

<style type="text/css">
.log { display: none;} 
.stack-trace { display: none;} 
</style>
<script type="text/javascript">
<!--
function flip(e) {
  current = e.style.display;
  if (current == 'block') {
    e.style.display = 'none';
    return 0;
  }
  else {
    e.style.display = 'block';
    return 1;
  }
}

function toggleBox(szDivId, elem, msg1, msg2)
{
  var res = -1;  if (document.getElementById) {
    res = flip(document.getElementById(szDivId));
  }
  else if (document.all) {
    // this is the way old msie versions work
    res = flip(document.all[szDivId]);
  }
  if(elem) {
    if(res == 0) elem.innerHTML = msg1; else elem.innerHTML = msg2;
  }

}

function toggleAllBoxes() {
  if (document.getElementsByTagName) {
    d = document.getElementsByTagName('div');
    for (i = 0; i < d.length; i++) {
      if (d[i].className == 'log') {
        flip(d[i]);
      }
    }
  }
}

// -->
</script>

</head>
<body>
<h2 align='center'>HSBC Home Page Test_chrome</h2><table border='1' align="center">
<tr>
<td>Tests passed/Failed/Skipped:</td><td>1/2/0</td>
</tr><tr>
<td>Started on:</td><td>Tue Jun 25 16:34:34 IST 2024</td>
</tr>
<tr><td>Total time:</td><td>23 seconds (23749 ms)</td>
</tr><tr>
<td>Included groups:</td><td></td>
</tr><tr>
<td>Excluded groups:</td><td></td>
</tr>
</table><p/>
<small><i>(Hover the method name to see the test class name)</i></small><p/>
<table width='100%' border='1' class='invocation-failed'>
<tr><td colspan='4' align='center'><b>FAILED TESTS</b></td></tr>
<tr><td><b>Test method</b></td>
<td><b>Attribute(s)</b></td>
<td width="30%"><b>Exception</b></td>
<td width="10%"><b>Time (seconds)</b></td>
<td><b>Instance</b></td>
</tr>
<tr>
<td title='kpmg.qa.hsbc.test.HomePagetest.homePageheader()'><b>homePageheader</b><br>Test class: kpmg.qa.hsbc.test.HomePagetest</td>
<td><div><pre>java.lang.AssertionError: expected [
        Sign in
      ] but found [
        Sign in
      ]
	at org.testng.Assert.fail(Assert.java:111)
	at org.testng.Assert.failNotEquals(Assert.java:1578)
	at org.testng.Assert.assertEqualsImpl(Assert.java:150)
	at org.testng.Assert.assertEquals(Assert.java:132)
	at org.testng.Assert.assertEquals(Assert.java:656)
	at org.testng.Assert.assertEquals(Assert.java:666)
	at kpmg.qa.hsbc.test.HomePagetest.homePageheader(HomePagetest.java:27)
	at java.base/jdk.internal.reflect.DirectMethodHandleAccessor.invoke(DirectMethodHandleAccessor.java:103)
	at java.base/java.lang.reflect.Method.invoke(Method.java:580)
	at org.testng.internal.invokers.MethodInvocationHelper.invokeMethod(MethodInvocationHelper.java:141)
	at org.testng.internal.invokers.TestInvoker.invokeMethod(TestInvoker.java:686)
	at org.testng.internal.invokers.TestInvoker.invokeTestMethod(TestInvoker.java:230)
	at org.testng.internal.invokers.MethodRunner.runInSequence(MethodRunner.java:63)
	at org.testng.internal.invokers.TestInvoker$MethodInvocationAgent.invoke(TestInvoker.java:992)
	at org.testng.internal.invokers.TestInvoker.invokeTestMethods(TestInvoker.java:203)
	at org.testng.internal.invokers.TestMethodWorker.invokeTestMethods(TestMethodWorker.java:154)
	at org.testng.internal.invokers.TestMethodWorker.run(TestMethodWorker.java:134)
	at java.base/java.util.ArrayList.forEach(ArrayList.java:1597)
	at org.testng.TestRunner.privateRun(TestRunner.java:739)
	at org.testng.TestRunner.run(TestRunner.java:614)
	at org.testng.SuiteRunner.runTest(SuiteRunner.java:421)
	at org.testng.SuiteRunner.runSequentially(SuiteRunner.java:413)
	at org.testng.SuiteRunner.privateRun(SuiteRunner.java:373)
	at org.testng.SuiteRunner.run(SuiteRunner.java:312)
	at org.testng.SuiteRunnerWorker.runSuite(SuiteRunnerWorker.java:52)
	at org.testng.SuiteRunnerWorker.run(SuiteRunnerWorker.java:95)
	at org.testng.TestNG.runSuitesSequentially(TestNG.java:1274)
	at org.testng.TestNG.runSuitesLocally(TestNG.java:1208)
	at org.testng.TestNG.runSuites(TestNG.java:1112)
	at org.testng.TestNG.run(TestNG.java:1079)
	at org.testng.remote.AbstractRemoteTestNG.run(AbstractRemoteTestNG.java:115)
	at org.testng.remote.RemoteTestNG.initAndRun(RemoteTestNG.java:293)
	at org.testng.remote.RemoteTestNG.main(RemoteTestNG.java:91)
</pre></div><a href='#' onClick='toggleBox("stack-trace1268974304", this, "Click to show all stack frames", "Click to hide stack frames")'>Click to show all stack frames</a>
<div class='stack-trace' id='stack-trace1268974304'><pre>java.lang.AssertionError: expected [
        Sign in
      ] but found [
        Sign in
      ]
	at org.testng.Assert.fail(Assert.java:111)
	at org.testng.Assert.failNotEquals(Assert.java:1578)
	at org.testng.Assert.assertEqualsImpl(Assert.java:150)
	at org.testng.Assert.assertEquals(Assert.java:132)
	at org.testng.Assert.assertEquals(Assert.java:656)
	at org.testng.Assert.assertEquals(Assert.java:666)
	at kpmg.qa.hsbc.test.HomePagetest.homePageheader(HomePagetest.java:27)
	at java.base/jdk.internal.reflect.DirectMethodHandleAccessor.invoke(DirectMethodHandleAccessor.java:103)
	at java.base/java.lang.reflect.Method.invoke(Method.java:580)
	at org.testng.internal.invokers.MethodInvocationHelper.invokeMethod(MethodInvocationHelper.java:141)
	at org.testng.internal.invokers.TestInvoker.invokeMethod(TestInvoker.java:686)
	at org.testng.internal.invokers.TestInvoker.invokeTestMethod(TestInvoker.java:230)
	at org.testng.internal.invokers.MethodRunner.runInSequence(MethodRunner.java:63)
	at org.testng.internal.invokers.TestInvoker$MethodInvocationAgent.invoke(TestInvoker.java:992)
	at org.testng.internal.invokers.TestInvoker.invokeTestMethods(TestInvoker.java:203)
	at org.testng.internal.invokers.TestMethodWorker.invokeTestMethods(TestMethodWorker.java:154)
	at org.testng.internal.invokers.TestMethodWorker.run(TestMethodWorker.java:134)
	at java.base/java.util.ArrayList.forEach(ArrayList.java:1597)
	at org.testng.TestRunner.privateRun(TestRunner.java:739)
	at org.testng.TestRunner.run(TestRunner.java:614)
	at org.testng.SuiteRunner.runTest(SuiteRunner.java:421)
	at org.testng.SuiteRunner.runSequentially(SuiteRunner.java:413)
	at org.testng.SuiteRunner.privateRun(SuiteRunner.java:373)
	at org.testng.SuiteRunner.run(SuiteRunner.java:312)
	at org.testng.SuiteRunnerWorker.runSuite(SuiteRunnerWorker.java:52)
	at org.testng.SuiteRunnerWorker.run(SuiteRunnerWorker.java:95)
	at org.testng.TestNG.runSuitesSequentially(TestNG.java:1274)
	at org.testng.TestNG.runSuitesLocally(TestNG.java:1208)
	at org.testng.TestNG.runSuites(TestNG.java:1112)
	at org.testng.TestNG.run(TestNG.java:1079)
	at org.testng.remote.AbstractRemoteTestNG.run(AbstractRemoteTestNG.java:115)
	at org.testng.remote.RemoteTestNG.initAndRun(RemoteTestNG.java:293)
	at org.testng.remote.RemoteTestNG.main(RemoteTestNG.java:91)
</pre></div></td>
<td>3</td>
<td>kpmg.qa.hsbc.test.HomePagetest@5d0bf09b</td></tr>
<tr>
<td title='kpmg.qa.hsbc.test.HomePagetest.homePageURLTest()'><b>homePageURLTest</b><br>Test class: kpmg.qa.hsbc.test.HomePagetest</td>
<td><div><pre>java.lang.AssertionError: expected [&quot;https://auth-uat.mortgages.hsbc.com.au/mpautest.onmicrosoft.com/b2c_1_mortgageportalauuatsignupsignin/oauth2/v2.0/authorize?client_id=0b03eb8f-80b4-4b07-ae77-952cdaafcf74&amp;redirect_uri=https%3A%2F%2Flogin.uat.mortgages.hsbc.com.au%2Ftenants%2Fhsbcaumortgageportalsandbox%2Fsso%2Foidc%2Fv1%2Flogin%2Fcallback&amp;response_type=code%20id_token&amp;response_mode=form_post&amp;scope=openid%20email%20profile%200b03eb8f-80b4-4b07-ae77-952cdaafcf74&amp;state=CfDJ8Ov81p4tU3lPjtqqfN6P5Df-jetVpWhWW8MFWmfUjvVIJTmjesFsPqPc4gsoGClueT6-wy6Tk3S2lDlMCiYXbJANXFGy3rRJFNNDMIRTmUcE6a3A94B2sBiHUxVsMPtuCITVhMw3DdEtRhx8x3yGfJg8DtJctiBsoXg8nKLFrTeADW__CQGaCsLcO3lgdIQWK2i0sX_udSgDCckVW55ZK6I&amp;nonce=638549088351133835.OGRlNDgwZTQtMjNiNy00YTQwLTk1NWEtOTMxMjUxNGFkNWM4MGU2OWM3ODYtNzkzZi00YTYyLThiYjktYWM4OWM5ZWFjNmY1&amp;x-client-SKU=ID_NETSTANDARD2_0&amp;x-client-ver=6.8.0.0] but found [https://login.uat.mortgages.hsbc.com.au/tenants/hsbcaumortgageportalsandbox/account/login?returnUrl=%2Ftenants%2Fhsbcaumortgageportalsandbox%2Fconnect%2Fauthorize%2Fcallback%3Fclient_id%3D0188a34d-cdbd-4208-8ebc-d0567984915e%26response_type%3Did_token%2520token%26scope%3Dopenid%2520id%2520library%2520download%2520reporting%2520engagement_read%2520engagement_write%2520upload%2520external_authorization%2520buyer_experience_service_read%2520buyer_experience_service_write%2520feature_read%2520collection_read%2520collection_write%2520contentdiscovery%2520doccenter_backend_read%2520doccenter_backend_write%2520contenttemplate%2520livedoc%2520livedoc_express%2520wms_readwrite%2520feature_tier_read%2520guided_assembly%2520ums_bulk_management%2520ums_bff_read%2520ums_bff_readwrite%2520das_schema_ro%2520das_data_rw%2520email%2520profile%2520contentmanager_bff%2520pnsbff_readwrite%2520ext_meetings_read%2520ext_meetings_write%2520seismic.custom_schema.view%2520seismic.custom_schema.manage%2520entitlement_read%2520entitlement_readwrite%2520meeting_analytics_read%2520aiml_llm%2520learning%26state%3D5d21051644cbd5896c0fabb040224355%26redirect_uri%3Dhttps%253A%252F%252Fuat.mortgages.hsbc.com.au%252Fapp%26response_mode%3Dform_post%26nonce%3D9312833ac246622505ab90c48680072b]
	at org.testng.Assert.fail(Assert.java:111)
	at org.testng.Assert.failNotEquals(Assert.java:1578)
	at org.testng.Assert.assertEqualsImpl(Assert.java:150)
	at org.testng.Assert.assertEquals(Assert.java:132)
	at org.testng.Assert.assertEquals(Assert.java:656)
	at org.testng.Assert.assertEquals(Assert.java:666)
	at kpmg.qa.hsbc.test.HomePagetest.homePageURLTest(HomePagetest.java:22)
	at java.base/jdk.internal.reflect.DirectMethodHandleAccessor.invoke(DirectMethodHandleAccessor.java:103)
	at java.base/java.lang.reflect.Method.invoke(Method.java:580)
	at org.testng.internal.invokers.MethodInvocationHelper.invokeMethod(MethodInvocationHelper.java:141)
	at org.testng.internal.invokers.TestInvoker.invokeMethod(TestInvoker.java:686)
	at org.testng.internal.invokers.TestInvoker.invokeTestMethod(TestInvoker.java:230)
	at org.testng.internal.invokers.MethodRunner.runInSequence(MethodRunner.java:63)
	at org.testng.internal.invokers.TestInvoker$MethodInvocationAgent.invoke(TestInvoker.java:992)
	at org.testng.internal.invokers.TestInvoker.invokeTestMethods(TestInvoker.java:203)
	at org.testng.internal.invokers.TestMethodWorker.invokeTestMethods(TestMethodWorker.java:154)
	at org.testng.internal.invokers.TestMethodWorker.run(TestMethodWorker.java:134)
	at java.base/java.util.ArrayList.forEach(ArrayList.java:1597)
	at org.testng.TestRunner.privateRun(TestRunner.java:739)
	at org.testng.TestRunner.run(TestRunner.java:614)
	at org.testng.SuiteRunner.runTest(SuiteRunner.java:421)
	at org.testng.SuiteRunner.runSequentially(SuiteRunner.java:413)
	at org.testng.SuiteRunner.privateRun(SuiteRunner.java:373)
	at org.testng.SuiteRunner.run(SuiteRunner.java:312)
	at org.testng.SuiteRunnerWorker.runSuite(SuiteRunnerWorker.java:52)
	at org.testng.SuiteRunnerWorker.run(SuiteRunnerWorker.java:95)
	at org.testng.TestNG.runSuitesSequentially(TestNG.java:1274)
	at org.testng.TestNG.runSuitesLocally(TestNG.java:1208)
	at org.testng.TestNG.runSuites(TestNG.java:1112)
	at org.testng.TestNG.run(TestNG.java:1079)
	at org.testng.remote.AbstractRemoteTestNG.run(AbstractRemoteTestNG.java:115)
	at org.testng.remote.RemoteTestNG.initAndRun(RemoteTestNG.java:293)
	at org.testng.remote.RemoteTestNG.main(RemoteTestNG.java:91)
</pre></div><a href='#' onClick='toggleBox("stack-trace1204088028", this, "Click to show all stack frames", "Click to hide stack frames")'>Click to show all stack frames</a>
<div class='stack-trace' id='stack-trace1204088028'><pre>java.lang.AssertionError: expected [&quot;https://auth-uat.mortgages.hsbc.com.au/mpautest.onmicrosoft.com/b2c_1_mortgageportalauuatsignupsignin/oauth2/v2.0/authorize?client_id=0b03eb8f-80b4-4b07-ae77-952cdaafcf74&amp;redirect_uri=https%3A%2F%2Flogin.uat.mortgages.hsbc.com.au%2Ftenants%2Fhsbcaumortgageportalsandbox%2Fsso%2Foidc%2Fv1%2Flogin%2Fcallback&amp;response_type=code%20id_token&amp;response_mode=form_post&amp;scope=openid%20email%20profile%200b03eb8f-80b4-4b07-ae77-952cdaafcf74&amp;state=CfDJ8Ov81p4tU3lPjtqqfN6P5Df-jetVpWhWW8MFWmfUjvVIJTmjesFsPqPc4gsoGClueT6-wy6Tk3S2lDlMCiYXbJANXFGy3rRJFNNDMIRTmUcE6a3A94B2sBiHUxVsMPtuCITVhMw3DdEtRhx8x3yGfJg8DtJctiBsoXg8nKLFrTeADW__CQGaCsLcO3lgdIQWK2i0sX_udSgDCckVW55ZK6I&amp;nonce=638549088351133835.OGRlNDgwZTQtMjNiNy00YTQwLTk1NWEtOTMxMjUxNGFkNWM4MGU2OWM3ODYtNzkzZi00YTYyLThiYjktYWM4OWM5ZWFjNmY1&amp;x-client-SKU=ID_NETSTANDARD2_0&amp;x-client-ver=6.8.0.0] but found [https://login.uat.mortgages.hsbc.com.au/tenants/hsbcaumortgageportalsandbox/account/login?returnUrl=%2Ftenants%2Fhsbcaumortgageportalsandbox%2Fconnect%2Fauthorize%2Fcallback%3Fclient_id%3D0188a34d-cdbd-4208-8ebc-d0567984915e%26response_type%3Did_token%2520token%26scope%3Dopenid%2520id%2520library%2520download%2520reporting%2520engagement_read%2520engagement_write%2520upload%2520external_authorization%2520buyer_experience_service_read%2520buyer_experience_service_write%2520feature_read%2520collection_read%2520collection_write%2520contentdiscovery%2520doccenter_backend_read%2520doccenter_backend_write%2520contenttemplate%2520livedoc%2520livedoc_express%2520wms_readwrite%2520feature_tier_read%2520guided_assembly%2520ums_bulk_management%2520ums_bff_read%2520ums_bff_readwrite%2520das_schema_ro%2520das_data_rw%2520email%2520profile%2520contentmanager_bff%2520pnsbff_readwrite%2520ext_meetings_read%2520ext_meetings_write%2520seismic.custom_schema.view%2520seismic.custom_schema.manage%2520entitlement_read%2520entitlement_readwrite%2520meeting_analytics_read%2520aiml_llm%2520learning%26state%3D5d21051644cbd5896c0fabb040224355%26redirect_uri%3Dhttps%253A%252F%252Fuat.mortgages.hsbc.com.au%252Fapp%26response_mode%3Dform_post%26nonce%3D9312833ac246622505ab90c48680072b]
	at org.testng.Assert.fail(Assert.java:111)
	at org.testng.Assert.failNotEquals(Assert.java:1578)
	at org.testng.Assert.assertEqualsImpl(Assert.java:150)
	at org.testng.Assert.assertEquals(Assert.java:132)
	at org.testng.Assert.assertEquals(Assert.java:656)
	at org.testng.Assert.assertEquals(Assert.java:666)
	at kpmg.qa.hsbc.test.HomePagetest.homePageURLTest(HomePagetest.java:22)
	at java.base/jdk.internal.reflect.DirectMethodHandleAccessor.invoke(DirectMethodHandleAccessor.java:103)
	at java.base/java.lang.reflect.Method.invoke(Method.java:580)
	at org.testng.internal.invokers.MethodInvocationHelper.invokeMethod(MethodInvocationHelper.java:141)
	at org.testng.internal.invokers.TestInvoker.invokeMethod(TestInvoker.java:686)
	at org.testng.internal.invokers.TestInvoker.invokeTestMethod(TestInvoker.java:230)
	at org.testng.internal.invokers.MethodRunner.runInSequence(MethodRunner.java:63)
	at org.testng.internal.invokers.TestInvoker$MethodInvocationAgent.invoke(TestInvoker.java:992)
	at org.testng.internal.invokers.TestInvoker.invokeTestMethods(TestInvoker.java:203)
	at org.testng.internal.invokers.TestMethodWorker.invokeTestMethods(TestMethodWorker.java:154)
	at org.testng.internal.invokers.TestMethodWorker.run(TestMethodWorker.java:134)
	at java.base/java.util.ArrayList.forEach(ArrayList.java:1597)
	at org.testng.TestRunner.privateRun(TestRunner.java:739)
	at org.testng.TestRunner.run(TestRunner.java:614)
	at org.testng.SuiteRunner.runTest(SuiteRunner.java:421)
	at org.testng.SuiteRunner.runSequentially(SuiteRunner.java:413)
	at org.testng.SuiteRunner.privateRun(SuiteRunner.java:373)
	at org.testng.SuiteRunner.run(SuiteRunner.java:312)
	at org.testng.SuiteRunnerWorker.runSuite(SuiteRunnerWorker.java:52)
	at org.testng.SuiteRunnerWorker.run(SuiteRunnerWorker.java:95)
	at org.testng.TestNG.runSuitesSequentially(TestNG.java:1274)
	at org.testng.TestNG.runSuitesLocally(TestNG.java:1208)
	at org.testng.TestNG.runSuites(TestNG.java:1112)
	at org.testng.TestNG.run(TestNG.java:1079)
	at org.testng.remote.AbstractRemoteTestNG.run(AbstractRemoteTestNG.java:115)
	at org.testng.remote.RemoteTestNG.initAndRun(RemoteTestNG.java:293)
	at org.testng.remote.RemoteTestNG.main(RemoteTestNG.java:91)
</pre></div></td>
<td>0</td>
<td>kpmg.qa.hsbc.test.HomePagetest@5d0bf09b</td></tr>
</table><p>
<table width='100%' border='1' class='invocation-passed'>
<tr><td colspan='4' align='center'><b>PASSED TESTS</b></td></tr>
<tr><td><b>Test method</b></td>
<td><b>Attribute(s)</b></td>
<td width="30%"><b>Exception</b></td>
<td width="10%"><b>Time (seconds)</b></td>
<td><b>Instance</b></td>
</tr>
<tr>
<td title='kpmg.qa.hsbc.test.HomePagetest.homePageTitleTest()'><b>homePageTitleTest</b><br>Test class: kpmg.qa.hsbc.test.HomePagetest</td>
<td></td>
<td>0</td>
<td>kpmg.qa.hsbc.test.HomePagetest@5d0bf09b</td></tr>
</table><p>
</body>
</html>