<?xml version="1.0" encoding="UTF-8"?>
<!-- Generated by org.testng.reporters.JUnitReportReporter -->
<testsuite hostname="KGSVDI-1508" failures="2" tests="3" name="kpmg.qa.hsbc.test.HomePagetest" time="3.446" errors="0" timestamp="2024-06-25T16:34:58 IST" skipped="0">
  <testcase classname="kpmg.qa.hsbc.test.HomePagetest" name="homePageheader" time="3.351">
    <failure message="expected [
        Sign in
      ] but found [
        Sign in
      ]" type="java.lang.AssertionError">
      <![CDATA[java.lang.AssertionError: expected [
        Sign in
      ] but found [
        Sign in
      ]
at org.testng.Assert.fail(Assert.java:111)
at org.testng.Assert.failNotEquals(Assert.java:1578)
at org.testng.Assert.assertEqualsImpl(Assert.java:150)
at org.testng.Assert.assertEquals(Assert.java:132)
at org.testng.Assert.assertEquals(Assert.java:656)
at org.testng.Assert.assertEquals(Assert.java:666)
at kpmg.qa.hsbc.test.HomePagetest.homePageheader(HomePagetest.java:27)
at java.base/jdk.internal.reflect.DirectMethodHandleAccessor.invoke(DirectMethodHandleAccessor.java:103)
at java.base/java.lang.reflect.Method.invoke(Method.java:580)
at org.testng.internal.invokers.MethodInvocationHelper.invokeMethod(MethodInvocationHelper.java:141)
at org.testng.internal.invokers.TestInvoker.invokeMethod(TestInvoker.java:686)
at org.testng.internal.invokers.TestInvoker.invokeTestMethod(TestInvoker.java:230)
at org.testng.internal.invokers.MethodRunner.runInSequence(MethodRunner.java:63)
at org.testng.internal.invokers.TestInvoker$MethodInvocationAgent.invoke(TestInvoker.java:992)
at org.testng.internal.invokers.TestInvoker.invokeTestMethods(TestInvoker.java:203)
at org.testng.internal.invokers.TestMethodWorker.invokeTestMethods(TestMethodWorker.java:154)
at org.testng.internal.invokers.TestMethodWorker.run(TestMethodWorker.java:134)
at java.base/java.util.ArrayList.forEach(ArrayList.java:1597)
at org.testng.TestRunner.privateRun(TestRunner.java:739)
at org.testng.TestRunner.run(TestRunner.java:614)
at org.testng.SuiteRunner.runTest(SuiteRunner.java:421)
at org.testng.SuiteRunner.runSequentially(SuiteRunner.java:413)
at org.testng.SuiteRunner.privateRun(SuiteRunner.java:373)
at org.testng.SuiteRunner.run(SuiteRunner.java:312)
at org.testng.SuiteRunnerWorker.runSuite(SuiteRunnerWorker.java:52)
at org.testng.SuiteRunnerWorker.run(SuiteRunnerWorker.java:95)
at org.testng.TestNG.runSuitesSequentially(TestNG.java:1274)
at org.testng.TestNG.runSuitesLocally(TestNG.java:1208)
at org.testng.TestNG.runSuites(TestNG.java:1112)
at org.testng.TestNG.run(TestNG.java:1079)
at org.testng.remote.AbstractRemoteTestNG.run(AbstractRemoteTestNG.java:115)
at org.testng.remote.RemoteTestNG.initAndRun(RemoteTestNG.java:293)
at org.testng.remote.RemoteTestNG.main(RemoteTestNG.java:91)
]]>
    </failure>
  </testcase> <!-- homePageheader -->
  <testcase classname="kpmg.qa.hsbc.test.HomePagetest" name="homePageTitleTest" time="0.074"/>
  <testcase classname="kpmg.qa.hsbc.test.HomePagetest" name="homePageURLTest" time="0.021">
    <failure message="expected [&quot;https://auth-uat.mortgages.hsbc.com.au/mpautest.onmicrosoft.com/b2c_1_mortgageportalauuatsignupsignin/oauth2/v2.0/authorize?client_id=0b03eb8f-80b4-4b07-ae77-952cdaafcf74&amp;redirect_uri=https%3A%2F%2Flogin.uat.mortgages.hsbc.com.au%2Ftenants%2Fhsbcaumortgageportalsandbox%2Fsso%2Foidc%2Fv1%2Flogin%2Fcallback&amp;response_type=code%20id_token&amp;response_mode=form_post&amp;scope=openid%20email%20profile%200b03eb8f-80b4-4b07-ae77-952cdaafcf74&amp;state=CfDJ8Ov81p4tU3lPjtqqfN6P5Df-jetVpWhWW8MFWmfUjvVIJTmjesFsPqPc4gsoGClueT6-wy6Tk3S2lDlMCiYXbJANXFGy3rRJFNNDMIRTmUcE6a3A94B2sBiHUxVsMPtuCITVhMw3DdEtRhx8x3yGfJg8DtJctiBsoXg8nKLFrTeADW__CQGaCsLcO3lgdIQWK2i0sX_udSgDCckVW55ZK6I&amp;nonce=638549088351133835.OGRlNDgwZTQtMjNiNy00YTQwLTk1NWEtOTMxMjUxNGFkNWM4MGU2OWM3ODYtNzkzZi00YTYyLThiYjktYWM4OWM5ZWFjNmY1&amp;x-client-SKU=ID_NETSTANDARD2_0&amp;x-client-ver=6.8.0.0] but found [https://login.uat.mortgages.hsbc.com.au/tenants/hsbcaumortgageportalsandbox/account/login?returnUrl=%2Ftenants%2Fhsbcaumortgageportalsandbox%2Fconnect%2Fauthorize%2Fcallback%3Fclient_id%3D0188a34d-cdbd-4208-8ebc-d0567984915e%26response_type%3Did_token%2520token%26scope%3Dopenid%2520id%2520library%2520download%2520reporting%2520engagement_read%2520engagement_write%2520upload%2520external_authorization%2520buyer_experience_service_read%2520buyer_experience_service_write%2520feature_read%2520collection_read%2520collection_write%2520contentdiscovery%2520doccenter_backend_read%2520doccenter_backend_write%2520contenttemplate%2520livedoc%2520livedoc_express%2520wms_readwrite%2520feature_tier_read%2520guided_assembly%2520ums_bulk_management%2520ums_bff_read%2520ums_bff_readwrite%2520das_schema_ro%2520das_data_rw%2520email%2520profile%2520contentmanager_bff%2520pnsbff_readwrite%2520ext_meetings_read%2520ext_meetings_write%2520seismic.custom_schema.view%2520seismic.custom_schema.manage%2520entitlement_read%2520entitlement_readwrite%2520meeting_analytics_read%2520aiml_llm%2520learning%26state%3D5d21051644cbd5896c0fabb040224355%26redirect_uri%3Dhttps%253A%252F%252Fuat.mortgages.hsbc.com.au%252Fapp%26response_mode%3Dform_post%26nonce%3D9312833ac246622505ab90c48680072b]" type="java.lang.AssertionError">
      <![CDATA[java.lang.AssertionError: expected ["https://auth-uat.mortgages.hsbc.com.au/mpautest.onmicrosoft.com/b2c_1_mortgageportalauuatsignupsignin/oauth2/v2.0/authorize?client_id=0b03eb8f-80b4-4b07-ae77-952cdaafcf74&redirect_uri=https%3A%2F%2Flogin.uat.mortgages.hsbc.com.au%2Ftenants%2Fhsbcaumortgageportalsandbox%2Fsso%2Foidc%2Fv1%2Flogin%2Fcallback&response_type=code%20id_token&response_mode=form_post&scope=openid%20email%20profile%200b03eb8f-80b4-4b07-ae77-952cdaafcf74&state=CfDJ8Ov81p4tU3lPjtqqfN6P5Df-jetVpWhWW8MFWmfUjvVIJTmjesFsPqPc4gsoGClueT6-wy6Tk3S2lDlMCiYXbJANXFGy3rRJFNNDMIRTmUcE6a3A94B2sBiHUxVsMPtuCITVhMw3DdEtRhx8x3yGfJg8DtJctiBsoXg8nKLFrTeADW__CQGaCsLcO3lgdIQWK2i0sX_udSgDCckVW55ZK6I&nonce=638549088351133835.OGRlNDgwZTQtMjNiNy00YTQwLTk1NWEtOTMxMjUxNGFkNWM4MGU2OWM3ODYtNzkzZi00YTYyLThiYjktYWM4OWM5ZWFjNmY1&x-client-SKU=ID_NETSTANDARD2_0&x-client-ver=6.8.0.0] but found [https://login.uat.mortgages.hsbc.com.au/tenants/hsbcaumortgageportalsandbox/account/login?returnUrl=%2Ftenants%2Fhsbcaumortgageportalsandbox%2Fconnect%2Fauthorize%2Fcallback%3Fclient_id%3D0188a34d-cdbd-4208-8ebc-d0567984915e%26response_type%3Did_token%2520token%26scope%3Dopenid%2520id%2520library%2520download%2520reporting%2520engagement_read%2520engagement_write%2520upload%2520external_authorization%2520buyer_experience_service_read%2520buyer_experience_service_write%2520feature_read%2520collection_read%2520collection_write%2520contentdiscovery%2520doccenter_backend_read%2520doccenter_backend_write%2520contenttemplate%2520livedoc%2520livedoc_express%2520wms_readwrite%2520feature_tier_read%2520guided_assembly%2520ums_bulk_management%2520ums_bff_read%2520ums_bff_readwrite%2520das_schema_ro%2520das_data_rw%2520email%2520profile%2520contentmanager_bff%2520pnsbff_readwrite%2520ext_meetings_read%2520ext_meetings_write%2520seismic.custom_schema.view%2520seismic.custom_schema.manage%2520entitlement_read%2520entitlement_readwrite%2520meeting_analytics_read%2520aiml_llm%2520learning%26state%3D5d21051644cbd5896c0fabb040224355%26redirect_uri%3Dhttps%253A%252F%252Fuat.mortgages.hsbc.com.au%252Fapp%26response_mode%3Dform_post%26nonce%3D9312833ac246622505ab90c48680072b]
at org.testng.Assert.fail(Assert.java:111)
at org.testng.Assert.failNotEquals(Assert.java:1578)
at org.testng.Assert.assertEqualsImpl(Assert.java:150)
at org.testng.Assert.assertEquals(Assert.java:132)
at org.testng.Assert.assertEquals(Assert.java:656)
at org.testng.Assert.assertEquals(Assert.java:666)
at kpmg.qa.hsbc.test.HomePagetest.homePageURLTest(HomePagetest.java:22)
at java.base/jdk.internal.reflect.DirectMethodHandleAccessor.invoke(DirectMethodHandleAccessor.java:103)
at java.base/java.lang.reflect.Method.invoke(Method.java:580)
at org.testng.internal.invokers.MethodInvocationHelper.invokeMethod(MethodInvocationHelper.java:141)
at org.testng.internal.invokers.TestInvoker.invokeMethod(TestInvoker.java:686)
at org.testng.internal.invokers.TestInvoker.invokeTestMethod(TestInvoker.java:230)
at org.testng.internal.invokers.MethodRunner.runInSequence(MethodRunner.java:63)
at org.testng.internal.invokers.TestInvoker$MethodInvocationAgent.invoke(TestInvoker.java:992)
at org.testng.internal.invokers.TestInvoker.invokeTestMethods(TestInvoker.java:203)
at org.testng.internal.invokers.TestMethodWorker.invokeTestMethods(TestMethodWorker.java:154)
at org.testng.internal.invokers.TestMethodWorker.run(TestMethodWorker.java:134)
at java.base/java.util.ArrayList.forEach(ArrayList.java:1597)
at org.testng.TestRunner.privateRun(TestRunner.java:739)
at org.testng.TestRunner.run(TestRunner.java:614)
at org.testng.SuiteRunner.runTest(SuiteRunner.java:421)
at org.testng.SuiteRunner.runSequentially(SuiteRunner.java:413)
at org.testng.SuiteRunner.privateRun(SuiteRunner.java:373)
at org.testng.SuiteRunner.run(SuiteRunner.java:312)
at org.testng.SuiteRunnerWorker.runSuite(SuiteRunnerWorker.java:52)
at org.testng.SuiteRunnerWorker.run(SuiteRunnerWorker.java:95)
at org.testng.TestNG.runSuitesSequentially(TestNG.java:1274)
at org.testng.TestNG.runSuitesLocally(TestNG.java:1208)
at org.testng.TestNG.runSuites(TestNG.java:1112)
at org.testng.TestNG.run(TestNG.java:1079)
at org.testng.remote.AbstractRemoteTestNG.run(AbstractRemoteTestNG.java:115)
at org.testng.remote.RemoteTestNG.initAndRun(RemoteTestNG.java:293)
at org.testng.remote.RemoteTestNG.main(RemoteTestNG.java:91)
]]>
    </failure>
  </testcase> <!-- homePageURLTest -->
</testsuite> <!-- kpmg.qa.hsbc.test.HomePagetest -->
